2014-01-10 00:40:46,775 INFO org.apache.hadoop.hdfs.server.namenode.FSEditLog: Number of transactions: 0 Total time for transactions(ms): 0 Number of transactions batched in Syncs: 0 Number of syncs: 0 SyncTimes(ms): 0 
2014-01-10 00:40:46,786 INFO org.apache.hadoop.hdfs.server.namenode.FSEditLog: closing edit log: position=4, editlog=/tmp/hadoop-root/dfs/namesecondary/current/edits
2014-01-10 00:40:46,786 INFO org.apache.hadoop.hdfs.server.namenode.FSEditLog: close success: truncate to 4, editlog=/tmp/hadoop-root/dfs/namesecondary/current/edits
2014-01-10 00:40:46,788 INFO org.apache.hadoop.hdfs.server.namenode.TransferFsImage: Opening connection to http://0.0.0.0:50070/getimage?getimage=1
2014-01-10 00:40:46,830 INFO org.apache.hadoop.hdfs.server.namenode.SecondaryNameNode: Downloaded file fsimage size 110 bytes.
2014-01-10 00:40:46,830 INFO org.apache.hadoop.hdfs.server.namenode.TransferFsImage: Opening connection to http://0.0.0.0:50070/getimage?getedit=1
2014-01-10 00:40:46,831 INFO org.apache.hadoop.hdfs.server.namenode.SecondaryNameNode: Downloaded file edits size 4 bytes.
2014-01-10 00:40:46,831 INFO org.apache.hadoop.hdfs.util.GSet: Computing capacity for map BlocksMap
2014-01-10 00:40:46,831 INFO org.apache.hadoop.hdfs.util.GSet: VM type       = 64-bit
2014-01-10 00:40:46,831 INFO org.apache.hadoop.hdfs.util.GSet: 2.0% max memory = 932118528
2014-01-10 00:40:46,831 INFO org.apache.hadoop.hdfs.util.GSet: capacity      = 2^21 = 2097152 entries
2014-01-10 00:40:46,831 INFO org.apache.hadoop.hdfs.util.GSet: recommended=2097152, actual=2097152
2014-01-10 00:40:46,842 INFO org.apache.hadoop.hdfs.server.namenode.FSNamesystem: fsOwner=root
2014-01-10 00:40:46,842 INFO org.apache.hadoop.hdfs.server.namenode.FSNamesystem: supergroup=supergroup
2014-01-10 00:40:46,842 INFO org.apache.hadoop.hdfs.server.namenode.FSNamesystem: isPermissionEnabled=true
2014-01-10 00:40:46,842 INFO org.apache.hadoop.hdfs.server.namenode.FSNamesystem: dfs.block.invalidate.limit=100
2014-01-10 00:40:46,842 INFO org.apache.hadoop.hdfs.server.namenode.FSNamesystem: isAccessTokenEnabled=false accessKeyUpdateInterval=0 min(s), accessTokenLifetime=0 min(s)
2014-01-10 00:40:46,843 INFO org.apache.hadoop.hdfs.server.namenode.FSEditLog: dfs.namenode.edits.toleration.length = -1
2014-01-10 00:40:46,843 INFO org.apache.hadoop.hdfs.server.namenode.NameNode: Caching file names occuring more than 10 times 
2014-01-10 00:40:46,844 INFO org.apache.hadoop.hdfs.server.common.Storage: Number of files = 1
2014-01-10 00:40:46,844 INFO org.apache.hadoop.hdfs.server.common.Storage: Number of files under construction = 0
2014-01-10 00:40:46,844 INFO org.apache.hadoop.hdfs.server.namenode.FSEditLog: Start loading edits file /tmp/hadoop-root/dfs/namesecondary/current/edits
2014-01-10 00:40:46,845 INFO org.apache.hadoop.hdfs.server.namenode.FSEditLog: EOF of /tmp/hadoop-root/dfs/namesecondary/current/edits, reached end of edit log Number of transactions found: 0.  Bytes read: 4
2014-01-10 00:40:46,845 INFO org.apache.hadoop.hdfs.server.namenode.FSEditLog: Edits file /tmp/hadoop-root/dfs/namesecondary/current/edits of size 4 edits # 0 loaded in 0 seconds.
2014-01-10 00:40:46,845 INFO org.apache.hadoop.hdfs.server.namenode.FSEditLog: Number of transactions: 0 Total time for transactions(ms): 0 Number of transactions batched in Syncs: 0 Number of syncs: 0 SyncTimes(ms): 0 
2014-01-10 00:40:46,853 INFO org.apache.hadoop.hdfs.server.namenode.FSEditLog: closing edit log: position=4, editlog=/tmp/hadoop-root/dfs/namesecondary/current/edits
2014-01-10 00:40:46,853 INFO org.apache.hadoop.hdfs.server.namenode.FSEditLog: close success: truncate to 4, editlog=/tmp/hadoop-root/dfs/namesecondary/current/edits
2014-01-10 00:40:46,854 INFO org.apache.hadoop.hdfs.server.common.Storage: Image file /tmp/hadoop-root/dfs/namesecondary/current/fsimage of size 110 bytes saved in 0 seconds.
2014-01-10 00:40:46,885 INFO org.apache.hadoop.hdfs.server.namenode.FSEditLog: closing edit log: position=4, editlog=/tmp/hadoop-root/dfs/namesecondary/current/edits
2014-01-10 00:40:46,886 INFO org.apache.hadoop.hdfs.server.namenode.FSEditLog: close success: truncate to 4, editlog=/tmp/hadoop-root/dfs/namesecondary/current/edits
2014-01-10 00:40:46,940 INFO org.apache.hadoop.hdfs.server.namenode.SecondaryNameNode: Posted URL 0.0.0.0:50070putimage=1&port=50090&machine=0.0.0.0&token=-41:1270190534:0:1389328872000:1389328846710&newChecksum=0e75e25da849dcba2361284fa8fb4ac1
2014-01-10 00:40:46,941 INFO org.apache.hadoop.hdfs.server.namenode.TransferFsImage: Opening connection to http://0.0.0.0:50070/getimage?putimage=1&port=50090&machine=0.0.0.0&token=-41:1270190534:0:1389328872000:1389328846710&newChecksum=0e75e25da849dcba2361284fa8fb4ac1
2014-01-10 00:40:46,991 INFO org.apache.hadoop.hdfs.server.namenode.SecondaryNameNode: Checkpoint done. New Image Size: 110
2014-01-10 01:40:47,036 INFO org.apache.hadoop.hdfs.server.namenode.FSEditLog: Number of transactions: 0 Total time for transactions(ms): 0 Number of transactions batched in Syncs: 0 Number of syncs: 0 SyncTimes(ms): 0 
2014-01-10 01:40:47,037 INFO org.apache.hadoop.hdfs.server.namenode.FSEditLog: closing edit log: position=4, editlog=/tmp/hadoop-root/dfs/namesecondary/current/edits
2014-01-10 01:40:47,037 INFO org.apache.hadoop.hdfs.server.namenode.FSEditLog: close success: truncate to 4, editlog=/tmp/hadoop-root/dfs/namesecondary/current/edits
2014-01-10 01:40:47,039 INFO org.apache.hadoop.hdfs.server.namenode.TransferFsImage: Opening connection to http://0.0.0.0:50070/getimage?getimage=1
2014-01-10 01:40:47,084 INFO org.apache.hadoop.hdfs.server.namenode.SecondaryNameNode: Downloaded file fsimage size 110 bytes.
2014-01-10 01:40:47,084 INFO org.apache.hadoop.hdfs.server.namenode.TransferFsImage: Opening connection to http://0.0.0.0:50070/getimage?getedit=1
2014-01-10 01:40:47,085 INFO org.apache.hadoop.hdfs.server.namenode.SecondaryNameNode: Downloaded file edits size 4 bytes.
2014-01-10 01:40:47,085 INFO org.apache.hadoop.hdfs.util.GSet: Computing capacity for map BlocksMap
2014-01-10 01:40:47,085 INFO org.apache.hadoop.hdfs.util.GSet: VM type       = 64-bit
2014-01-10 01:40:47,085 INFO org.apache.hadoop.hdfs.util.GSet: 2.0% max memory = 932118528
2014-01-10 01:40:47,085 INFO org.apache.hadoop.hdfs.util.GSet: capacity      = 2^21 = 2097152 entries
2014-01-10 01:40:47,085 INFO org.apache.hadoop.hdfs.util.GSet: recommended=2097152, actual=2097152
2014-01-10 01:40:47,127 INFO org.apache.hadoop.hdfs.server.namenode.FSNamesystem: fsOwner=root
2014-01-10 01:40:47,127 INFO org.apache.hadoop.hdfs.server.namenode.FSNamesystem: supergroup=supergroup
2014-01-10 01:40:47,127 INFO org.apache.hadoop.hdfs.server.namenode.FSNamesystem: isPermissionEnabled=true
2014-01-10 01:40:47,127 INFO org.apache.hadoop.hdfs.server.namenode.FSNamesystem: dfs.block.invalidate.limit=100
2014-01-10 01:40:47,127 INFO org.apache.hadoop.hdfs.server.namenode.FSNamesystem: isAccessTokenEnabled=false accessKeyUpdateInterval=0 min(s), accessTokenLifetime=0 min(s)
2014-01-10 01:40:47,127 INFO org.apache.hadoop.hdfs.server.namenode.FSEditLog: dfs.namenode.edits.toleration.length = -1
2014-01-10 01:40:47,128 INFO org.apache.hadoop.hdfs.server.namenode.NameNode: Caching file names occuring more than 10 times 
2014-01-10 01:40:47,130 INFO org.apache.hadoop.hdfs.server.common.Storage: Number of files = 1
2014-01-10 01:40:47,131 INFO org.apache.hadoop.hdfs.server.common.Storage: Number of files under construction = 0
2014-01-10 01:40:47,131 INFO org.apache.hadoop.hdfs.server.namenode.FSEditLog: Start loading edits file /tmp/hadoop-root/dfs/namesecondary/current/edits
2014-01-10 01:40:47,131 INFO org.apache.hadoop.hdfs.server.namenode.FSEditLog: EOF of /tmp/hadoop-root/dfs/namesecondary/current/edits, reached end of edit log Number of transactions found: 0.  Bytes read: 4
2014-01-10 01:40:47,131 INFO org.apache.hadoop.hdfs.server.namenode.FSEditLog: Edits file /tmp/hadoop-root/dfs/namesecondary/current/edits of size 4 edits # 0 loaded in 0 seconds.
2014-01-10 01:40:47,131 INFO org.apache.hadoop.hdfs.server.namenode.FSEditLog: Number of transactions: 0 Total time for transactions(ms): 0 Number of transactions batched in Syncs: 0 Number of syncs: 0 SyncTimes(ms): 0 
2014-01-10 01:40:47,135 INFO org.apache.hadoop.hdfs.server.namenode.FSEditLog: closing edit log: position=4, editlog=/tmp/hadoop-root/dfs/namesecondary/current/edits
2014-01-10 01:40:47,136 INFO org.apache.hadoop.hdfs.server.namenode.FSEditLog: close success: truncate to 4, editlog=/tmp/hadoop-root/dfs/namesecondary/current/edits
2014-01-10 01:40:47,136 INFO org.apache.hadoop.hdfs.server.common.Storage: Image file /tmp/hadoop-root/dfs/namesecondary/current/fsimage of size 110 bytes saved in 0 seconds.
2014-01-10 01:40:47,147 INFO org.apache.hadoop.hdfs.server.namenode.FSEditLog: closing edit log: position=4, editlog=/tmp/hadoop-root/dfs/namesecondary/current/edits
2014-01-10 01:40:47,147 INFO org.apache.hadoop.hdfs.server.namenode.FSEditLog: close success: truncate to 4, editlog=/tmp/hadoop-root/dfs/namesecondary/current/edits
2014-01-10 01:40:47,178 INFO org.apache.hadoop.hdfs.server.namenode.SecondaryNameNode: Posted URL 0.0.0.0:50070putimage=1&port=50090&machine=0.0.0.0&token=-41:1270190534:0:1389332473000:1389332446961&newChecksum=0e75e25da849dcba2361284fa8fb4ac1
2014-01-10 01:40:47,178 INFO org.apache.hadoop.hdfs.server.namenode.TransferFsImage: Opening connection to http://0.0.0.0:50070/getimage?putimage=1&port=50090&machine=0.0.0.0&token=-41:1270190534:0:1389332473000:1389332446961&newChecksum=0e75e25da849dcba2361284fa8fb4ac1
2014-01-10 01:40:47,251 INFO org.apache.hadoop.hdfs.server.namenode.SecondaryNameNode: Checkpoint done. New Image Size: 110
2014-01-10 02:40:47,298 INFO org.apache.hadoop.hdfs.server.namenode.FSEditLog: Number of transactions: 0 Total time for transactions(ms): 0 Number of transactions batched in Syncs: 0 Number of syncs: 0 SyncTimes(ms): 0 
2014-01-10 02:40:47,299 INFO org.apache.hadoop.hdfs.server.namenode.FSEditLog: closing edit log: position=4, editlog=/tmp/hadoop-root/dfs/namesecondary/current/edits
2014-01-10 02:40:47,299 INFO org.apache.hadoop.hdfs.server.namenode.FSEditLog: close success: truncate to 4, editlog=/tmp/hadoop-root/dfs/namesecondary/current/edits
2014-01-10 02:40:47,305 INFO org.apache.hadoop.hdfs.server.namenode.TransferFsImage: Opening connection to http://0.0.0.0:50070/getimage?getimage=1
2014-01-10 02:40:47,357 INFO org.apache.hadoop.hdfs.server.namenode.SecondaryNameNode: Downloaded file fsimage size 110 bytes.
2014-01-10 02:40:47,357 INFO org.apache.hadoop.hdfs.server.namenode.TransferFsImage: Opening connection to http://0.0.0.0:50070/getimage?getedit=1
2014-01-10 02:40:47,360 INFO org.apache.hadoop.hdfs.server.namenode.SecondaryNameNode: Downloaded file edits size 4 bytes.
2014-01-10 02:40:47,363 INFO org.apache.hadoop.hdfs.util.GSet: Computing capacity for map BlocksMap
2014-01-10 02:40:47,363 INFO org.apache.hadoop.hdfs.util.GSet: VM type       = 64-bit
2014-01-10 02:40:47,363 INFO org.apache.hadoop.hdfs.util.GSet: 2.0% max memory = 932118528
2014-01-10 02:40:47,364 INFO org.apache.hadoop.hdfs.util.GSet: capacity      = 2^21 = 2097152 entries
2014-01-10 02:40:47,364 INFO org.apache.hadoop.hdfs.util.GSet: recommended=2097152, actual=2097152
2014-01-10 02:40:47,386 INFO org.apache.hadoop.hdfs.server.namenode.FSNamesystem: fsOwner=root
2014-01-10 02:40:47,386 INFO org.apache.hadoop.hdfs.server.namenode.FSNamesystem: supergroup=supergroup
2014-01-10 02:40:47,386 INFO org.apache.hadoop.hdfs.server.namenode.FSNamesystem: isPermissionEnabled=true
2014-01-10 02:40:47,386 INFO org.apache.hadoop.hdfs.server.namenode.FSNamesystem: dfs.block.invalidate.limit=100
2014-01-10 02:40:47,386 INFO org.apache.hadoop.hdfs.server.namenode.FSNamesystem: isAccessTokenEnabled=false accessKeyUpdateInterval=0 min(s), accessTokenLifetime=0 min(s)
2014-01-10 02:40:47,387 INFO org.apache.hadoop.hdfs.server.namenode.FSEditLog: dfs.namenode.edits.toleration.length = -1
2014-01-10 02:40:47,387 INFO org.apache.hadoop.hdfs.server.namenode.NameNode: Caching file names occuring more than 10 times 
2014-01-10 02:40:47,388 INFO org.apache.hadoop.hdfs.server.common.Storage: Number of files = 1
2014-01-10 02:40:47,389 INFO org.apache.hadoop.hdfs.server.common.Storage: Number of files under construction = 0
2014-01-10 02:40:47,389 INFO org.apache.hadoop.hdfs.server.namenode.FSEditLog: Start loading edits file /tmp/hadoop-root/dfs/namesecondary/current/edits
2014-01-10 02:40:47,389 INFO org.apache.hadoop.hdfs.server.namenode.FSEditLog: EOF of /tmp/hadoop-root/dfs/namesecondary/current/edits, reached end of edit log Number of transactions found: 0.  Bytes read: 4
2014-01-10 02:40:47,389 INFO org.apache.hadoop.hdfs.server.namenode.FSEditLog: Edits file /tmp/hadoop-root/dfs/namesecondary/current/edits of size 4 edits # 0 loaded in 0 seconds.
2014-01-10 02:40:47,389 INFO org.apache.hadoop.hdfs.server.namenode.FSEditLog: Number of transactions: 0 Total time for transactions(ms): 0 Number of transactions batched in Syncs: 0 Number of syncs: 0 SyncTimes(ms): 0 
2014-01-10 02:40:47,393 INFO org.apache.hadoop.hdfs.server.namenode.FSEditLog: closing edit log: position=4, editlog=/tmp/hadoop-root/dfs/namesecondary/current/edits
2014-01-10 02:40:47,394 INFO org.apache.hadoop.hdfs.server.namenode.FSEditLog: close success: truncate to 4, editlog=/tmp/hadoop-root/dfs/namesecondary/current/edits
2014-01-10 02:40:47,395 INFO org.apache.hadoop.hdfs.server.common.Storage: Image file /tmp/hadoop-root/dfs/namesecondary/current/fsimage of size 110 bytes saved in 0 seconds.
2014-01-10 02:40:47,405 INFO org.apache.hadoop.hdfs.server.namenode.FSEditLog: closing edit log: position=4, editlog=/tmp/hadoop-root/dfs/namesecondary/current/edits
2014-01-10 02:40:47,406 INFO org.apache.hadoop.hdfs.server.namenode.FSEditLog: close success: truncate to 4, editlog=/tmp/hadoop-root/dfs/namesecondary/current/edits
2014-01-10 02:40:47,428 INFO org.apache.hadoop.hdfs.server.namenode.SecondaryNameNode: Posted URL 0.0.0.0:50070putimage=1&port=50090&machine=0.0.0.0&token=-41:1270190534:0:1389336074000:1389336047231&newChecksum=0e75e25da849dcba2361284fa8fb4ac1
2014-01-10 02:40:47,428 INFO org.apache.hadoop.hdfs.server.namenode.TransferFsImage: Opening connection to http://0.0.0.0:50070/getimage?putimage=1&port=50090&machine=0.0.0.0&token=-41:1270190534:0:1389336074000:1389336047231&newChecksum=0e75e25da849dcba2361284fa8fb4ac1
2014-01-10 02:40:47,495 INFO org.apache.hadoop.hdfs.server.namenode.SecondaryNameNode: Checkpoint done. New Image Size: 110
2014-01-10 03:40:47,531 INFO org.apache.hadoop.hdfs.server.namenode.FSEditLog: Number of transactions: 0 Total time for transactions(ms): 0 Number of transactions batched in Syncs: 0 Number of syncs: 0 SyncTimes(ms): 0 
2014-01-10 03:40:47,531 INFO org.apache.hadoop.hdfs.server.namenode.FSEditLog: closing edit log: position=4, editlog=/tmp/hadoop-root/dfs/namesecondary/current/edits
2014-01-10 03:40:47,532 INFO org.apache.hadoop.hdfs.server.namenode.FSEditLog: close success: truncate to 4, editlog=/tmp/hadoop-root/dfs/namesecondary/current/edits
2014-01-10 03:40:47,534 INFO org.apache.hadoop.hdfs.server.namenode.TransferFsImage: Opening connection to http://0.0.0.0:50070/getimage?getimage=1
2014-01-10 03:40:47,583 INFO org.apache.hadoop.hdfs.server.namenode.SecondaryNameNode: Downloaded file fsimage size 110 bytes.
2014-01-10 03:40:47,583 INFO org.apache.hadoop.hdfs.server.namenode.TransferFsImage: Opening connection to http://0.0.0.0:50070/getimage?getedit=1
2014-01-10 03:40:47,584 INFO org.apache.hadoop.hdfs.server.namenode.SecondaryNameNode: Downloaded file edits size 4 bytes.
2014-01-10 03:40:47,584 INFO org.apache.hadoop.hdfs.util.GSet: Computing capacity for map BlocksMap
2014-01-10 03:40:47,584 INFO org.apache.hadoop.hdfs.util.GSet: VM type       = 64-bit
2014-01-10 03:40:47,584 INFO org.apache.hadoop.hdfs.util.GSet: 2.0% max memory = 932118528
2014-01-10 03:40:47,585 INFO org.apache.hadoop.hdfs.util.GSet: capacity      = 2^21 = 2097152 entries
2014-01-10 03:40:47,585 INFO org.apache.hadoop.hdfs.util.GSet: recommended=2097152, actual=2097152
2014-01-10 03:40:47,598 INFO org.apache.hadoop.hdfs.server.namenode.FSNamesystem: fsOwner=root
2014-01-10 03:40:47,598 INFO org.apache.hadoop.hdfs.server.namenode.FSNamesystem: supergroup=supergroup
2014-01-10 03:40:47,598 INFO org.apache.hadoop.hdfs.server.namenode.FSNamesystem: isPermissionEnabled=true
2014-01-10 03:40:47,598 INFO org.apache.hadoop.hdfs.server.namenode.FSNamesystem: dfs.block.invalidate.limit=100
2014-01-10 03:40:47,599 INFO org.apache.hadoop.hdfs.server.namenode.FSNamesystem: isAccessTokenEnabled=false accessKeyUpdateInterval=0 min(s), accessTokenLifetime=0 min(s)
2014-01-10 03:40:47,599 INFO org.apache.hadoop.hdfs.server.namenode.FSEditLog: dfs.namenode.edits.toleration.length = -1
2014-01-10 03:40:47,599 INFO org.apache.hadoop.hdfs.server.namenode.NameNode: Caching file names occuring more than 10 times 
2014-01-10 03:40:47,601 INFO org.apache.hadoop.hdfs.server.common.Storage: Number of files = 1
2014-01-10 03:40:47,601 INFO org.apache.hadoop.hdfs.server.common.Storage: Number of files under construction = 0
2014-01-10 03:40:47,601 INFO org.apache.hadoop.hdfs.server.namenode.FSEditLog: Start loading edits file /tmp/hadoop-root/dfs/namesecondary/current/edits
2014-01-10 03:40:47,601 INFO org.apache.hadoop.hdfs.server.namenode.FSEditLog: EOF of /tmp/hadoop-root/dfs/namesecondary/current/edits, reached end of edit log Number of transactions found: 0.  Bytes read: 4
2014-01-10 03:40:47,601 INFO org.apache.hadoop.hdfs.server.namenode.FSEditLog: Edits file /tmp/hadoop-root/dfs/namesecondary/current/edits of size 4 edits # 0 loaded in 0 seconds.
2014-01-10 03:40:47,602 INFO org.apache.hadoop.hdfs.server.namenode.FSEditLog: Number of transactions: 0 Total time for transactions(ms): 0 Number of transactions batched in Syncs: 0 Number of syncs: 0 SyncTimes(ms): 0 
2014-01-10 03:40:47,621 INFO org.apache.hadoop.hdfs.server.namenode.FSEditLog: closing edit log: position=4, editlog=/tmp/hadoop-root/dfs/namesecondary/current/edits
2014-01-10 03:40:47,622 INFO org.apache.hadoop.hdfs.server.namenode.FSEditLog: close success: truncate to 4, editlog=/tmp/hadoop-root/dfs/namesecondary/current/edits
2014-01-10 03:40:47,622 INFO org.apache.hadoop.hdfs.server.common.Storage: Image file /tmp/hadoop-root/dfs/namesecondary/current/fsimage of size 110 bytes saved in 0 seconds.
2014-01-10 03:40:47,649 INFO org.apache.hadoop.hdfs.server.namenode.FSEditLog: closing edit log: position=4, editlog=/tmp/hadoop-root/dfs/namesecondary/current/edits
2014-01-10 03:40:47,650 INFO org.apache.hadoop.hdfs.server.namenode.FSEditLog: close success: truncate to 4, editlog=/tmp/hadoop-root/dfs/namesecondary/current/edits
2014-01-10 03:40:47,676 INFO org.apache.hadoop.hdfs.server.namenode.SecondaryNameNode: Posted URL 0.0.0.0:50070putimage=1&port=50090&machine=0.0.0.0&token=-41:1270190534:0:1389339675000:1389339647473&newChecksum=0e75e25da849dcba2361284fa8fb4ac1
2014-01-10 03:40:47,676 INFO org.apache.hadoop.hdfs.server.namenode.TransferFsImage: Opening connection to http://0.0.0.0:50070/getimage?putimage=1&port=50090&machine=0.0.0.0&token=-41:1270190534:0:1389339675000:1389339647473&newChecksum=0e75e25da849dcba2361284fa8fb4ac1
2014-01-10 03:40:47,803 INFO org.apache.hadoop.hdfs.server.namenode.SecondaryNameNode: Checkpoint done. New Image Size: 110
2014-01-10 04:40:47,843 INFO org.apache.hadoop.hdfs.server.namenode.FSEditLog: Number of transactions: 0 Total time for transactions(ms): 0 Number of transactions batched in Syncs: 0 Number of syncs: 0 SyncTimes(ms): 0 
2014-01-10 04:40:47,870 INFO org.apache.hadoop.hdfs.server.namenode.FSEditLog: closing edit log: position=4, editlog=/tmp/hadoop-root/dfs/namesecondary/current/edits
2014-01-10 04:40:47,872 INFO org.apache.hadoop.hdfs.server.namenode.FSEditLog: close success: truncate to 4, editlog=/tmp/hadoop-root/dfs/namesecondary/current/edits
2014-01-10 04:40:47,874 INFO org.apache.hadoop.hdfs.server.namenode.TransferFsImage: Opening connection to http://0.0.0.0:50070/getimage?getimage=1
2014-01-10 04:40:47,903 INFO org.apache.hadoop.hdfs.server.namenode.SecondaryNameNode: Downloaded file fsimage size 110 bytes.
2014-01-10 04:40:47,903 INFO org.apache.hadoop.hdfs.server.namenode.TransferFsImage: Opening connection to http://0.0.0.0:50070/getimage?getedit=1
2014-01-10 04:40:47,912 INFO org.apache.hadoop.hdfs.server.namenode.SecondaryNameNode: Downloaded file edits size 4 bytes.
2014-01-10 04:40:47,912 INFO org.apache.hadoop.hdfs.util.GSet: Computing capacity for map BlocksMap
2014-01-10 04:40:47,913 INFO org.apache.hadoop.hdfs.util.GSet: VM type       = 64-bit
2014-01-10 04:40:47,913 INFO org.apache.hadoop.hdfs.util.GSet: 2.0% max memory = 932118528
2014-01-10 04:40:47,913 INFO org.apache.hadoop.hdfs.util.GSet: capacity      = 2^21 = 2097152 entries
2014-01-10 04:40:47,913 INFO org.apache.hadoop.hdfs.util.GSet: recommended=2097152, actual=2097152
2014-01-10 04:40:47,931 INFO org.apache.hadoop.hdfs.server.namenode.FSNamesystem: fsOwner=root
2014-01-10 04:40:47,931 INFO org.apache.hadoop.hdfs.server.namenode.FSNamesystem: supergroup=supergroup
2014-01-10 04:40:47,931 INFO org.apache.hadoop.hdfs.server.namenode.FSNamesystem: isPermissionEnabled=true
2014-01-10 04:40:47,931 INFO org.apache.hadoop.hdfs.server.namenode.FSNamesystem: dfs.block.invalidate.limit=100
2014-01-10 04:40:47,931 INFO org.apache.hadoop.hdfs.server.namenode.FSNamesystem: isAccessTokenEnabled=false accessKeyUpdateInterval=0 min(s), accessTokenLifetime=0 min(s)
2014-01-10 04:40:47,931 INFO org.apache.hadoop.hdfs.server.namenode.FSEditLog: dfs.namenode.edits.toleration.length = -1
2014-01-10 04:40:47,931 INFO org.apache.hadoop.hdfs.server.namenode.NameNode: Caching file names occuring more than 10 times 
2014-01-10 04:40:47,934 INFO org.apache.hadoop.hdfs.server.common.Storage: Number of files = 1
2014-01-10 04:40:47,934 INFO org.apache.hadoop.hdfs.server.common.Storage: Number of files under construction = 0
2014-01-10 04:40:47,934 INFO org.apache.hadoop.hdfs.server.namenode.FSEditLog: Start loading edits file /tmp/hadoop-root/dfs/namesecondary/current/edits
2014-01-10 04:40:47,934 INFO org.apache.hadoop.hdfs.server.namenode.FSEditLog: EOF of /tmp/hadoop-root/dfs/namesecondary/current/edits, reached end of edit log Number of transactions found: 0.  Bytes read: 4
2014-01-10 04:40:47,934 INFO org.apache.hadoop.hdfs.server.namenode.FSEditLog: Edits file /tmp/hadoop-root/dfs/namesecondary/current/edits of size 4 edits # 0 loaded in 0 seconds.
2014-01-10 04:40:47,935 INFO org.apache.hadoop.hdfs.server.namenode.FSEditLog: Number of transactions: 0 Total time for transactions(ms): 0 Number of transactions batched in Syncs: 0 Number of syncs: 0 SyncTimes(ms): 0 
2014-01-10 04:40:47,949 INFO org.apache.hadoop.hdfs.server.namenode.FSEditLog: closing edit log: position=4, editlog=/tmp/hadoop-root/dfs/namesecondary/current/edits
2014-01-10 04:40:47,949 INFO org.apache.hadoop.hdfs.server.namenode.FSEditLog: close success: truncate to 4, editlog=/tmp/hadoop-root/dfs/namesecondary/current/edits
2014-01-10 04:40:47,949 INFO org.apache.hadoop.hdfs.server.common.Storage: Image file /tmp/hadoop-root/dfs/namesecondary/current/fsimage of size 110 bytes saved in 0 seconds.
2014-01-10 04:40:47,958 INFO org.apache.hadoop.hdfs.server.namenode.FSEditLog: closing edit log: position=4, editlog=/tmp/hadoop-root/dfs/namesecondary/current/edits
2014-01-10 04:40:47,958 INFO org.apache.hadoop.hdfs.server.namenode.FSEditLog: close success: truncate to 4, editlog=/tmp/hadoop-root/dfs/namesecondary/current/edits
2014-01-10 04:40:47,981 INFO org.apache.hadoop.hdfs.server.namenode.SecondaryNameNode: Posted URL 0.0.0.0:50070putimage=1&port=50090&machine=0.0.0.0&token=-41:1270190534:0:1389343276000:1389343247775&newChecksum=0e75e25da849dcba2361284fa8fb4ac1
2014-01-10 04:40:47,981 INFO org.apache.hadoop.hdfs.server.namenode.TransferFsImage: Opening connection to http://0.0.0.0:50070/getimage?putimage=1&port=50090&machine=0.0.0.0&token=-41:1270190534:0:1389343276000:1389343247775&newChecksum=0e75e25da849dcba2361284fa8fb4ac1
2014-01-10 04:40:48,040 INFO org.apache.hadoop.hdfs.server.namenode.SecondaryNameNode: Checkpoint done. New Image Size: 110
2014-01-10 05:40:48,074 INFO org.apache.hadoop.hdfs.server.namenode.FSEditLog: Number of transactions: 0 Total time for transactions(ms): 0 Number of transactions batched in Syncs: 0 Number of syncs: 0 SyncTimes(ms): 0 
2014-01-10 05:40:48,076 INFO org.apache.hadoop.hdfs.server.namenode.FSEditLog: closing edit log: position=4, editlog=/tmp/hadoop-root/dfs/namesecondary/current/edits
2014-01-10 05:40:48,076 INFO org.apache.hadoop.hdfs.server.namenode.FSEditLog: close success: truncate to 4, editlog=/tmp/hadoop-root/dfs/namesecondary/current/edits
2014-01-10 05:40:48,080 INFO org.apache.hadoop.hdfs.server.namenode.TransferFsImage: Opening connection to http://0.0.0.0:50070/getimage?getimage=1
2014-01-10 05:40:48,145 INFO org.apache.hadoop.hdfs.server.namenode.SecondaryNameNode: Downloaded file fsimage size 110 bytes.
2014-01-10 05:40:48,146 INFO org.apache.hadoop.hdfs.server.namenode.TransferFsImage: Opening connection to http://0.0.0.0:50070/getimage?getedit=1
2014-01-10 05:40:48,147 INFO org.apache.hadoop.hdfs.server.namenode.SecondaryNameNode: Downloaded file edits size 4 bytes.
2014-01-10 05:40:48,147 INFO org.apache.hadoop.hdfs.util.GSet: Computing capacity for map BlocksMap
2014-01-10 05:40:48,148 INFO org.apache.hadoop.hdfs.util.GSet: VM type       = 64-bit
2014-01-10 05:40:48,148 INFO org.apache.hadoop.hdfs.util.GSet: 2.0% max memory = 932118528
2014-01-10 05:40:48,148 INFO org.apache.hadoop.hdfs.util.GSet: capacity      = 2^21 = 2097152 entries
2014-01-10 05:40:48,148 INFO org.apache.hadoop.hdfs.util.GSet: recommended=2097152, actual=2097152
2014-01-10 05:40:48,159 INFO org.apache.hadoop.hdfs.server.namenode.FSNamesystem: fsOwner=root
2014-01-10 05:40:48,159 INFO org.apache.hadoop.hdfs.server.namenode.FSNamesystem: supergroup=supergroup
2014-01-10 05:40:48,159 INFO org.apache.hadoop.hdfs.server.namenode.FSNamesystem: isPermissionEnabled=true
2014-01-10 05:40:48,159 INFO org.apache.hadoop.hdfs.server.namenode.FSNamesystem: dfs.block.invalidate.limit=100
2014-01-10 05:40:48,159 INFO org.apache.hadoop.hdfs.server.namenode.FSNamesystem: isAccessTokenEnabled=false accessKeyUpdateInterval=0 min(s), accessTokenLifetime=0 min(s)
2014-01-10 05:40:48,160 INFO org.apache.hadoop.hdfs.server.namenode.FSEditLog: dfs.namenode.edits.toleration.length = -1
2014-01-10 05:40:48,160 INFO org.apache.hadoop.hdfs.server.namenode.NameNode: Caching file names occuring more than 10 times 
2014-01-10 05:40:48,162 INFO org.apache.hadoop.hdfs.server.common.Storage: Number of files = 1
2014-01-10 05:40:48,162 INFO org.apache.hadoop.hdfs.server.common.Storage: Number of files under construction = 0
2014-01-10 05:40:48,162 INFO org.apache.hadoop.hdfs.server.namenode.FSEditLog: Start loading edits file /tmp/hadoop-root/dfs/namesecondary/current/edits
2014-01-10 05:40:48,162 INFO org.apache.hadoop.hdfs.server.namenode.FSEditLog: EOF of /tmp/hadoop-root/dfs/namesecondary/current/edits, reached end of edit log Number of transactions found: 0.  Bytes read: 4
2014-01-10 05:40:48,162 INFO org.apache.hadoop.hdfs.server.namenode.FSEditLog: Edits file /tmp/hadoop-root/dfs/namesecondary/current/edits of size 4 edits # 0 loaded in 0 seconds.
2014-01-10 05:40:48,162 INFO org.apache.hadoop.hdfs.server.namenode.FSEditLog: Number of transactions: 0 Total time for transactions(ms): 0 Number of transactions batched in Syncs: 0 Number of syncs: 0 SyncTimes(ms): 0 
2014-01-10 05:40:48,194 INFO org.apache.hadoop.hdfs.server.namenode.FSEditLog: closing edit log: position=4, editlog=/tmp/hadoop-root/dfs/namesecondary/current/edits
2014-01-10 05:40:48,195 INFO org.apache.hadoop.hdfs.server.namenode.FSEditLog: close success: truncate to 4, editlog=/tmp/hadoop-root/dfs/namesecondary/current/edits
2014-01-10 05:40:48,196 INFO org.apache.hadoop.hdfs.server.common.Storage: Image file /tmp/hadoop-root/dfs/namesecondary/current/fsimage of size 110 bytes saved in 0 seconds.
2014-01-10 05:40:48,208 INFO org.apache.hadoop.hdfs.server.namenode.FSEditLog: closing edit log: position=4, editlog=/tmp/hadoop-root/dfs/namesecondary/current/edits
2014-01-10 05:40:48,208 INFO org.apache.hadoop.hdfs.server.namenode.FSEditLog: close success: truncate to 4, editlog=/tmp/hadoop-root/dfs/namesecondary/current/edits
2014-01-10 05:40:48,253 INFO org.apache.hadoop.hdfs.server.namenode.SecondaryNameNode: Posted URL 0.0.0.0:50070putimage=1&port=50090&machine=0.0.0.0&token=-41:1270190534:0:1389346877000:1389346848023&newChecksum=0e75e25da849dcba2361284fa8fb4ac1
2014-01-10 05:40:48,254 INFO org.apache.hadoop.hdfs.server.namenode.TransferFsImage: Opening connection to http://0.0.0.0:50070/getimage?putimage=1&port=50090&machine=0.0.0.0&token=-41:1270190534:0:1389346877000:1389346848023&newChecksum=0e75e25da849dcba2361284fa8fb4ac1
2014-01-10 05:40:48,304 INFO org.apache.hadoop.hdfs.server.namenode.SecondaryNameNode: Checkpoint done. New Image Size: 110
2014-01-10 06:40:48,344 INFO org.apache.hadoop.hdfs.server.namenode.FSEditLog: Number of transactions: 0 Total time for transactions(ms): 0 Number of transactions batched in Syncs: 0 Number of syncs: 0 SyncTimes(ms): 0 
2014-01-10 06:40:48,345 INFO org.apache.hadoop.hdfs.server.namenode.FSEditLog: closing edit log: position=4, editlog=/tmp/hadoop-root/dfs/namesecondary/current/edits
2014-01-10 06:40:48,346 INFO org.apache.hadoop.hdfs.server.namenode.FSEditLog: close success: truncate to 4, editlog=/tmp/hadoop-root/dfs/namesecondary/current/edits
2014-01-10 06:40:48,350 INFO org.apache.hadoop.hdfs.server.namenode.TransferFsImage: Opening connection to http://0.0.0.0:50070/getimage?getimage=1
2014-01-10 06:40:48,394 INFO org.apache.hadoop.hdfs.server.namenode.SecondaryNameNode: Downloaded file fsimage size 110 bytes.
2014-01-10 06:40:48,394 INFO org.apache.hadoop.hdfs.server.namenode.TransferFsImage: Opening connection to http://0.0.0.0:50070/getimage?getedit=1
2014-01-10 06:40:48,397 INFO org.apache.hadoop.hdfs.server.namenode.SecondaryNameNode: Downloaded file edits size 4 bytes.
2014-01-10 06:40:48,397 INFO org.apache.hadoop.hdfs.util.GSet: Computing capacity for map BlocksMap
2014-01-10 06:40:48,397 INFO org.apache.hadoop.hdfs.util.GSet: VM type       = 64-bit
2014-01-10 06:40:48,397 INFO org.apache.hadoop.hdfs.util.GSet: 2.0% max memory = 932118528
2014-01-10 06:40:48,397 INFO org.apache.hadoop.hdfs.util.GSet: capacity      = 2^21 = 2097152 entries
2014-01-10 06:40:48,397 INFO org.apache.hadoop.hdfs.util.GSet: recommended=2097152, actual=2097152
2014-01-10 06:40:48,416 INFO org.apache.hadoop.hdfs.server.namenode.FSNamesystem: fsOwner=root
2014-01-10 06:40:48,416 INFO org.apache.hadoop.hdfs.server.namenode.FSNamesystem: supergroup=supergroup
2014-01-10 06:40:48,416 INFO org.apache.hadoop.hdfs.server.namenode.FSNamesystem: isPermissionEnabled=true
2014-01-10 06:40:48,416 INFO org.apache.hadoop.hdfs.server.namenode.FSNamesystem: dfs.block.invalidate.limit=100
2014-01-10 06:40:48,417 INFO org.apache.hadoop.hdfs.server.namenode.FSNamesystem: isAccessTokenEnabled=false accessKeyUpdateInterval=0 min(s), accessTokenLifetime=0 min(s)
2014-01-10 06:40:48,417 INFO org.apache.hadoop.hdfs.server.namenode.FSEditLog: dfs.namenode.edits.toleration.length = -1
2014-01-10 06:40:48,417 INFO org.apache.hadoop.hdfs.server.namenode.NameNode: Caching file names occuring more than 10 times 
2014-01-10 06:40:48,418 INFO org.apache.hadoop.hdfs.server.common.Storage: Number of files = 1
2014-01-10 06:40:48,418 INFO org.apache.hadoop.hdfs.server.common.Storage: Number of files under construction = 0
2014-01-10 06:40:48,419 INFO org.apache.hadoop.hdfs.server.namenode.FSEditLog: Start loading edits file /tmp/hadoop-root/dfs/namesecondary/current/edits
2014-01-10 06:40:48,419 INFO org.apache.hadoop.hdfs.server.namenode.FSEditLog: EOF of /tmp/hadoop-root/dfs/namesecondary/current/edits, reached end of edit log Number of transactions found: 0.  Bytes read: 4
2014-01-10 06:40:48,419 INFO org.apache.hadoop.hdfs.server.namenode.FSEditLog: Edits file /tmp/hadoop-root/dfs/namesecondary/current/edits of size 4 edits # 0 loaded in 0 seconds.
2014-01-10 06:40:48,419 INFO org.apache.hadoop.hdfs.server.namenode.FSEditLog: Number of transactions: 0 Total time for transactions(ms): 0 Number of transactions batched in Syncs: 0 Number of syncs: 0 SyncTimes(ms): 0 
2014-01-10 06:40:48,422 INFO org.apache.hadoop.hdfs.server.namenode.FSEditLog: closing edit log: position=4, editlog=/tmp/hadoop-root/dfs/namesecondary/current/edits
2014-01-10 06:40:48,422 INFO org.apache.hadoop.hdfs.server.namenode.FSEditLog: close success: truncate to 4, editlog=/tmp/hadoop-root/dfs/namesecondary/current/edits
2014-01-10 06:40:48,423 INFO org.apache.hadoop.hdfs.server.common.Storage: Image file /tmp/hadoop-root/dfs/namesecondary/current/fsimage of size 110 bytes saved in 0 seconds.
2014-01-10 06:40:48,564 INFO org.apache.hadoop.hdfs.server.namenode.FSEditLog: closing edit log: position=4, editlog=/tmp/hadoop-root/dfs/namesecondary/current/edits
2014-01-10 06:40:48,564 INFO org.apache.hadoop.hdfs.server.namenode.FSEditLog: close success: truncate to 4, editlog=/tmp/hadoop-root/dfs/namesecondary/current/edits
2014-01-10 06:40:48,695 INFO org.apache.hadoop.hdfs.server.namenode.SecondaryNameNode: Posted URL 0.0.0.0:50070putimage=1&port=50090&machine=0.0.0.0&token=-41:1270190534:0:1389350477000:1389350448292&newChecksum=0e75e25da849dcba2361284fa8fb4ac1
2014-01-10 06:40:48,695 INFO org.apache.hadoop.hdfs.server.namenode.TransferFsImage: Opening connection to http://0.0.0.0:50070/getimage?putimage=1&port=50090&machine=0.0.0.0&token=-41:1270190534:0:1389350477000:1389350448292&newChecksum=0e75e25da849dcba2361284fa8fb4ac1
2014-01-10 06:40:48,754 INFO org.apache.hadoop.hdfs.server.namenode.SecondaryNameNode: Checkpoint done. New Image Size: 110
2014-01-10 07:40:48,799 INFO org.apache.hadoop.hdfs.server.namenode.FSEditLog: Number of transactions: 0 Total time for transactions(ms): 0 Number of transactions batched in Syncs: 0 Number of syncs: 0 SyncTimes(ms): 0 
2014-01-10 07:40:48,800 INFO org.apache.hadoop.hdfs.server.namenode.FSEditLog: closing edit log: position=4, editlog=/tmp/hadoop-root/dfs/namesecondary/current/edits
2014-01-10 07:40:48,801 INFO org.apache.hadoop.hdfs.server.namenode.FSEditLog: close success: truncate to 4, editlog=/tmp/hadoop-root/dfs/namesecondary/current/edits
2014-01-10 07:40:48,804 INFO org.apache.hadoop.hdfs.server.namenode.TransferFsImage: Opening connection to http://0.0.0.0:50070/getimage?getimage=1
2014-01-10 07:40:48,838 INFO org.apache.hadoop.hdfs.server.namenode.SecondaryNameNode: Downloaded file fsimage size 110 bytes.
2014-01-10 07:40:48,838 INFO org.apache.hadoop.hdfs.server.namenode.TransferFsImage: Opening connection to http://0.0.0.0:50070/getimage?getedit=1
2014-01-10 07:40:48,839 INFO org.apache.hadoop.hdfs.server.namenode.SecondaryNameNode: Downloaded file edits size 4 bytes.
2014-01-10 07:40:48,839 INFO org.apache.hadoop.hdfs.util.GSet: Computing capacity for map BlocksMap
2014-01-10 07:40:48,839 INFO org.apache.hadoop.hdfs.util.GSet: VM type       = 64-bit
2014-01-10 07:40:48,839 INFO org.apache.hadoop.hdfs.util.GSet: 2.0% max memory = 932118528
2014-01-10 07:40:48,839 INFO org.apache.hadoop.hdfs.util.GSet: capacity      = 2^21 = 2097152 entries
2014-01-10 07:40:48,839 INFO org.apache.hadoop.hdfs.util.GSet: recommended=2097152, actual=2097152
2014-01-10 07:40:48,850 INFO org.apache.hadoop.hdfs.server.namenode.FSNamesystem: fsOwner=root
2014-01-10 07:40:48,850 INFO org.apache.hadoop.hdfs.server.namenode.FSNamesystem: supergroup=supergroup
2014-01-10 07:40:48,850 INFO org.apache.hadoop.hdfs.server.namenode.FSNamesystem: isPermissionEnabled=true
2014-01-10 07:40:48,850 INFO org.apache.hadoop.hdfs.server.namenode.FSNamesystem: dfs.block.invalidate.limit=100
2014-01-10 07:40:48,850 INFO org.apache.hadoop.hdfs.server.namenode.FSNamesystem: isAccessTokenEnabled=false accessKeyUpdateInterval=0 min(s), accessTokenLifetime=0 min(s)
2014-01-10 07:40:48,851 INFO org.apache.hadoop.hdfs.server.namenode.FSEditLog: dfs.namenode.edits.toleration.length = -1
2014-01-10 07:40:48,851 INFO org.apache.hadoop.hdfs.server.namenode.NameNode: Caching file names occuring more than 10 times 
2014-01-10 07:40:48,852 INFO org.apache.hadoop.hdfs.server.common.Storage: Number of files = 1
2014-01-10 07:40:48,852 INFO org.apache.hadoop.hdfs.server.common.Storage: Number of files under construction = 0
2014-01-10 07:40:48,853 INFO org.apache.hadoop.hdfs.server.namenode.FSEditLog: Start loading edits file /tmp/hadoop-root/dfs/namesecondary/current/edits
2014-01-10 07:40:48,853 INFO org.apache.hadoop.hdfs.server.namenode.FSEditLog: EOF of /tmp/hadoop-root/dfs/namesecondary/current/edits, reached end of edit log Number of transactions found: 0.  Bytes read: 4
2014-01-10 07:40:48,853 INFO org.apache.hadoop.hdfs.server.namenode.FSEditLog: Edits file /tmp/hadoop-root/dfs/namesecondary/current/edits of size 4 edits # 0 loaded in 0 seconds.
2014-01-10 07:40:48,853 INFO org.apache.hadoop.hdfs.server.namenode.FSEditLog: Number of transactions: 0 Total time for transactions(ms): 0 Number of transactions batched in Syncs: 0 Number of syncs: 0 SyncTimes(ms): 0 
2014-01-10 07:40:48,855 INFO org.apache.hadoop.hdfs.server.namenode.FSEditLog: closing edit log: position=4, editlog=/tmp/hadoop-root/dfs/namesecondary/current/edits
2014-01-10 07:40:48,855 INFO org.apache.hadoop.hdfs.server.namenode.FSEditLog: close success: truncate to 4, editlog=/tmp/hadoop-root/dfs/namesecondary/current/edits
2014-01-10 07:40:48,856 INFO org.apache.hadoop.hdfs.server.common.Storage: Image file /tmp/hadoop-root/dfs/namesecondary/current/fsimage of size 110 bytes saved in 0 seconds.
2014-01-10 07:40:48,861 INFO org.apache.hadoop.hdfs.server.namenode.FSEditLog: closing edit log: position=4, editlog=/tmp/hadoop-root/dfs/namesecondary/current/edits
2014-01-10 07:40:48,861 INFO org.apache.hadoop.hdfs.server.namenode.FSEditLog: close success: truncate to 4, editlog=/tmp/hadoop-root/dfs/namesecondary/current/edits
2014-01-10 07:40:48,871 INFO org.apache.hadoop.hdfs.server.namenode.SecondaryNameNode: Posted URL 0.0.0.0:50070putimage=1&port=50090&machine=0.0.0.0&token=-41:1270190534:0:1389354078000:1389354048733&newChecksum=0e75e25da849dcba2361284fa8fb4ac1
2014-01-10 07:40:48,871 INFO org.apache.hadoop.hdfs.server.namenode.TransferFsImage: Opening connection to http://0.0.0.0:50070/getimage?putimage=1&port=50090&machine=0.0.0.0&token=-41:1270190534:0:1389354078000:1389354048733&newChecksum=0e75e25da849dcba2361284fa8fb4ac1
2014-01-10 07:40:48,924 INFO org.apache.hadoop.hdfs.server.namenode.SecondaryNameNode: Checkpoint done. New Image Size: 110
2014-01-10 08:40:48,959 INFO org.apache.hadoop.hdfs.server.namenode.FSEditLog: Number of transactions: 0 Total time for transactions(ms): 0 Number of transactions batched in Syncs: 0 Number of syncs: 0 SyncTimes(ms): 0 
2014-01-10 08:40:48,960 INFO org.apache.hadoop.hdfs.server.namenode.FSEditLog: closing edit log: position=4, editlog=/tmp/hadoop-root/dfs/namesecondary/current/edits
2014-01-10 08:40:48,961 INFO org.apache.hadoop.hdfs.server.namenode.FSEditLog: close success: truncate to 4, editlog=/tmp/hadoop-root/dfs/namesecondary/current/edits
2014-01-10 08:40:48,963 INFO org.apache.hadoop.hdfs.server.namenode.TransferFsImage: Opening connection to http://0.0.0.0:50070/getimage?getimage=1
2014-01-10 08:40:49,020 INFO org.apache.hadoop.hdfs.server.namenode.SecondaryNameNode: Downloaded file fsimage size 110 bytes.
2014-01-10 08:40:49,020 INFO org.apache.hadoop.hdfs.server.namenode.TransferFsImage: Opening connection to http://0.0.0.0:50070/getimage?getedit=1
2014-01-10 08:40:49,023 INFO org.apache.hadoop.hdfs.server.namenode.SecondaryNameNode: Downloaded file edits size 4 bytes.
2014-01-10 08:40:49,023 INFO org.apache.hadoop.hdfs.util.GSet: Computing capacity for map BlocksMap
2014-01-10 08:40:49,024 INFO org.apache.hadoop.hdfs.util.GSet: VM type       = 64-bit
2014-01-10 08:40:49,024 INFO org.apache.hadoop.hdfs.util.GSet: 2.0% max memory = 932118528
2014-01-10 08:40:49,024 INFO org.apache.hadoop.hdfs.util.GSet: capacity      = 2^21 = 2097152 entries
2014-01-10 08:40:49,024 INFO org.apache.hadoop.hdfs.util.GSet: recommended=2097152, actual=2097152
2014-01-10 08:40:49,044 INFO org.apache.hadoop.hdfs.server.namenode.FSNamesystem: fsOwner=root
2014-01-10 08:40:49,044 INFO org.apache.hadoop.hdfs.server.namenode.FSNamesystem: supergroup=supergroup
2014-01-10 08:40:49,044 INFO org.apache.hadoop.hdfs.server.namenode.FSNamesystem: isPermissionEnabled=true
2014-01-10 08:40:49,045 INFO org.apache.hadoop.hdfs.server.namenode.FSNamesystem: dfs.block.invalidate.limit=100
2014-01-10 08:40:49,045 INFO org.apache.hadoop.hdfs.server.namenode.FSNamesystem: isAccessTokenEnabled=false accessKeyUpdateInterval=0 min(s), accessTokenLifetime=0 min(s)
2014-01-10 08:40:49,045 INFO org.apache.hadoop.hdfs.server.namenode.FSEditLog: dfs.namenode.edits.toleration.length = -1
2014-01-10 08:40:49,045 INFO org.apache.hadoop.hdfs.server.namenode.NameNode: Caching file names occuring more than 10 times 
2014-01-10 08:40:49,047 INFO org.apache.hadoop.hdfs.server.common.Storage: Number of files = 1
2014-01-10 08:40:49,047 INFO org.apache.hadoop.hdfs.server.common.Storage: Number of files under construction = 0
2014-01-10 08:40:49,047 INFO org.apache.hadoop.hdfs.server.namenode.FSEditLog: Start loading edits file /tmp/hadoop-root/dfs/namesecondary/current/edits
2014-01-10 08:40:49,047 INFO org.apache.hadoop.hdfs.server.namenode.FSEditLog: EOF of /tmp/hadoop-root/dfs/namesecondary/current/edits, reached end of edit log Number of transactions found: 0.  Bytes read: 4
2014-01-10 08:40:49,047 INFO org.apache.hadoop.hdfs.server.namenode.FSEditLog: Edits file /tmp/hadoop-root/dfs/namesecondary/current/edits of size 4 edits # 0 loaded in 0 seconds.
2014-01-10 08:40:49,047 INFO org.apache.hadoop.hdfs.server.namenode.FSEditLog: Number of transactions: 0 Total time for transactions(ms): 0 Number of transactions batched in Syncs: 0 Number of syncs: 0 SyncTimes(ms): 0 
2014-01-10 08:40:49,051 INFO org.apache.hadoop.hdfs.server.namenode.FSEditLog: closing edit log: position=4, editlog=/tmp/hadoop-root/dfs/namesecondary/current/edits
2014-01-10 08:40:49,051 INFO org.apache.hadoop.hdfs.server.namenode.FSEditLog: close success: truncate to 4, editlog=/tmp/hadoop-root/dfs/namesecondary/current/edits
2014-01-10 08:40:49,052 INFO org.apache.hadoop.hdfs.server.common.Storage: Image file /tmp/hadoop-root/dfs/namesecondary/current/fsimage of size 110 bytes saved in 0 seconds.
2014-01-10 08:40:49,058 INFO org.apache.hadoop.hdfs.server.namenode.FSEditLog: closing edit log: position=4, editlog=/tmp/hadoop-root/dfs/namesecondary/current/edits
2014-01-10 08:40:49,058 INFO org.apache.hadoop.hdfs.server.namenode.FSEditLog: close success: truncate to 4, editlog=/tmp/hadoop-root/dfs/namesecondary/current/edits
2014-01-10 08:40:49,078 INFO org.apache.hadoop.hdfs.server.namenode.SecondaryNameNode: Posted URL 0.0.0.0:50070putimage=1&port=50090&machine=0.0.0.0&token=-41:1270190534:0:1389357679000:1389357648911&newChecksum=0e75e25da849dcba2361284fa8fb4ac1
2014-01-10 08:40:49,078 INFO org.apache.hadoop.hdfs.server.namenode.TransferFsImage: Opening connection to http://0.0.0.0:50070/getimage?putimage=1&port=50090&machine=0.0.0.0&token=-41:1270190534:0:1389357679000:1389357648911&newChecksum=0e75e25da849dcba2361284fa8fb4ac1
2014-01-10 08:40:49,133 INFO org.apache.hadoop.hdfs.server.namenode.SecondaryNameNode: Checkpoint done. New Image Size: 110
2014-01-10 09:40:49,168 INFO org.apache.hadoop.hdfs.server.namenode.FSEditLog: Number of transactions: 0 Total time for transactions(ms): 0 Number of transactions batched in Syncs: 0 Number of syncs: 0 SyncTimes(ms): 0 
2014-01-10 09:40:49,169 INFO org.apache.hadoop.hdfs.server.namenode.FSEditLog: closing edit log: position=4, editlog=/tmp/hadoop-root/dfs/namesecondary/current/edits
2014-01-10 09:40:49,169 INFO org.apache.hadoop.hdfs.server.namenode.FSEditLog: close success: truncate to 4, editlog=/tmp/hadoop-root/dfs/namesecondary/current/edits
2014-01-10 09:40:49,171 INFO org.apache.hadoop.hdfs.server.namenode.TransferFsImage: Opening connection to http://0.0.0.0:50070/getimage?getimage=1
2014-01-10 09:40:49,207 INFO org.apache.hadoop.hdfs.server.namenode.SecondaryNameNode: Downloaded file fsimage size 110 bytes.
2014-01-10 09:40:49,207 INFO org.apache.hadoop.hdfs.server.namenode.TransferFsImage: Opening connection to http://0.0.0.0:50070/getimage?getedit=1
2014-01-10 09:40:49,208 INFO org.apache.hadoop.hdfs.server.namenode.SecondaryNameNode: Downloaded file edits size 4 bytes.
2014-01-10 09:40:49,208 INFO org.apache.hadoop.hdfs.util.GSet: Computing capacity for map BlocksMap
2014-01-10 09:40:49,208 INFO org.apache.hadoop.hdfs.util.GSet: VM type       = 64-bit
2014-01-10 09:40:49,208 INFO org.apache.hadoop.hdfs.util.GSet: 2.0% max memory = 932118528
2014-01-10 09:40:49,208 INFO org.apache.hadoop.hdfs.util.GSet: capacity      = 2^21 = 2097152 entries
2014-01-10 09:40:49,208 INFO org.apache.hadoop.hdfs.util.GSet: recommended=2097152, actual=2097152
2014-01-10 09:40:49,222 INFO org.apache.hadoop.hdfs.server.namenode.FSNamesystem: fsOwner=root
2014-01-10 09:40:49,222 INFO org.apache.hadoop.hdfs.server.namenode.FSNamesystem: supergroup=supergroup
2014-01-10 09:40:49,222 INFO org.apache.hadoop.hdfs.server.namenode.FSNamesystem: isPermissionEnabled=true
2014-01-10 09:40:49,222 INFO org.apache.hadoop.hdfs.server.namenode.FSNamesystem: dfs.block.invalidate.limit=100
2014-01-10 09:40:49,222 INFO org.apache.hadoop.hdfs.server.namenode.FSNamesystem: isAccessTokenEnabled=false accessKeyUpdateInterval=0 min(s), accessTokenLifetime=0 min(s)
2014-01-10 09:40:49,222 INFO org.apache.hadoop.hdfs.server.namenode.FSEditLog: dfs.namenode.edits.toleration.length = -1
2014-01-10 09:40:49,222 INFO org.apache.hadoop.hdfs.server.namenode.NameNode: Caching file names occuring more than 10 times 
2014-01-10 09:40:49,224 INFO org.apache.hadoop.hdfs.server.common.Storage: Number of files = 1
2014-01-10 09:40:49,225 INFO org.apache.hadoop.hdfs.server.common.Storage: Number of files under construction = 0
2014-01-10 09:40:49,225 INFO org.apache.hadoop.hdfs.server.namenode.FSEditLog: Start loading edits file /tmp/hadoop-root/dfs/namesecondary/current/edits
2014-01-10 09:40:49,225 INFO org.apache.hadoop.hdfs.server.namenode.FSEditLog: EOF of /tmp/hadoop-root/dfs/namesecondary/current/edits, reached end of edit log Number of transactions found: 0.  Bytes read: 4
2014-01-10 09:40:49,225 INFO org.apache.hadoop.hdfs.server.namenode.FSEditLog: Edits file /tmp/hadoop-root/dfs/namesecondary/current/edits of size 4 edits # 0 loaded in 0 seconds.
2014-01-10 09:40:49,225 INFO org.apache.hadoop.hdfs.server.namenode.FSEditLog: Number of transactions: 0 Total time for transactions(ms): 0 Number of transactions batched in Syncs: 0 Number of syncs: 0 SyncTimes(ms): 0 
2014-01-10 09:40:49,235 INFO org.apache.hadoop.hdfs.server.namenode.FSEditLog: closing edit log: position=4, editlog=/tmp/hadoop-root/dfs/namesecondary/current/edits
2014-01-10 09:40:49,235 INFO org.apache.hadoop.hdfs.server.namenode.FSEditLog: close success: truncate to 4, editlog=/tmp/hadoop-root/dfs/namesecondary/current/edits
2014-01-10 09:40:49,236 INFO org.apache.hadoop.hdfs.server.common.Storage: Image file /tmp/hadoop-root/dfs/namesecondary/current/fsimage of size 110 bytes saved in 0 seconds.
2014-01-10 09:40:49,279 INFO org.apache.hadoop.hdfs.server.namenode.FSEditLog: closing edit log: position=4, editlog=/tmp/hadoop-root/dfs/namesecondary/current/edits
2014-01-10 09:40:49,280 INFO org.apache.hadoop.hdfs.server.namenode.FSEditLog: close success: truncate to 4, editlog=/tmp/hadoop-root/dfs/namesecondary/current/edits
2014-01-10 09:40:49,309 INFO org.apache.hadoop.hdfs.server.namenode.SecondaryNameNode: Posted URL 0.0.0.0:50070putimage=1&port=50090&machine=0.0.0.0&token=-41:1270190534:0:1389361280000:1389361249119&newChecksum=0e75e25da849dcba2361284fa8fb4ac1
2014-01-10 09:40:49,309 INFO org.apache.hadoop.hdfs.server.namenode.TransferFsImage: Opening connection to http://0.0.0.0:50070/getimage?putimage=1&port=50090&machine=0.0.0.0&token=-41:1270190534:0:1389361280000:1389361249119&newChecksum=0e75e25da849dcba2361284fa8fb4ac1
2014-01-10 09:40:49,470 INFO org.apache.hadoop.hdfs.server.namenode.SecondaryNameNode: Checkpoint done. New Image Size: 110
2014-01-10 10:40:49,506 INFO org.apache.hadoop.hdfs.server.namenode.FSEditLog: Number of transactions: 0 Total time for transactions(ms): 0 Number of transactions batched in Syncs: 0 Number of syncs: 0 SyncTimes(ms): 0 
2014-01-10 10:40:49,507 INFO org.apache.hadoop.hdfs.server.namenode.FSEditLog: closing edit log: position=4, editlog=/tmp/hadoop-root/dfs/namesecondary/current/edits
2014-01-10 10:40:49,507 INFO org.apache.hadoop.hdfs.server.namenode.FSEditLog: close success: truncate to 4, editlog=/tmp/hadoop-root/dfs/namesecondary/current/edits
2014-01-10 10:40:49,510 INFO org.apache.hadoop.hdfs.server.namenode.TransferFsImage: Opening connection to http://0.0.0.0:50070/getimage?getimage=1
2014-01-10 10:40:49,646 INFO org.apache.hadoop.hdfs.server.namenode.SecondaryNameNode: Downloaded file fsimage size 110 bytes.
2014-01-10 10:40:49,646 INFO org.apache.hadoop.hdfs.server.namenode.TransferFsImage: Opening connection to http://0.0.0.0:50070/getimage?getedit=1
2014-01-10 10:40:49,647 INFO org.apache.hadoop.hdfs.server.namenode.SecondaryNameNode: Downloaded file edits size 4 bytes.
2014-01-10 10:40:49,647 INFO org.apache.hadoop.hdfs.util.GSet: Computing capacity for map BlocksMap
2014-01-10 10:40:49,647 INFO org.apache.hadoop.hdfs.util.GSet: VM type       = 64-bit
2014-01-10 10:40:49,647 INFO org.apache.hadoop.hdfs.util.GSet: 2.0% max memory = 932118528
2014-01-10 10:40:49,647 INFO org.apache.hadoop.hdfs.util.GSet: capacity      = 2^21 = 2097152 entries
2014-01-10 10:40:49,647 INFO org.apache.hadoop.hdfs.util.GSet: recommended=2097152, actual=2097152
2014-01-10 10:40:49,660 INFO org.apache.hadoop.hdfs.server.namenode.FSNamesystem: fsOwner=root
2014-01-10 10:40:49,661 INFO org.apache.hadoop.hdfs.server.namenode.FSNamesystem: supergroup=supergroup
2014-01-10 10:40:49,661 INFO org.apache.hadoop.hdfs.server.namenode.FSNamesystem: isPermissionEnabled=true
2014-01-10 10:40:49,661 INFO org.apache.hadoop.hdfs.server.namenode.FSNamesystem: dfs.block.invalidate.limit=100
2014-01-10 10:40:49,661 INFO org.apache.hadoop.hdfs.server.namenode.FSNamesystem: isAccessTokenEnabled=false accessKeyUpdateInterval=0 min(s), accessTokenLifetime=0 min(s)
2014-01-10 10:40:49,661 INFO org.apache.hadoop.hdfs.server.namenode.FSEditLog: dfs.namenode.edits.toleration.length = -1
2014-01-10 10:40:49,661 INFO org.apache.hadoop.hdfs.server.namenode.NameNode: Caching file names occuring more than 10 times 
2014-01-10 10:40:49,662 INFO org.apache.hadoop.hdfs.server.common.Storage: Number of files = 1
2014-01-10 10:40:49,662 INFO org.apache.hadoop.hdfs.server.common.Storage: Number of files under construction = 0
2014-01-10 10:40:49,663 INFO org.apache.hadoop.hdfs.server.namenode.FSEditLog: Start loading edits file /tmp/hadoop-root/dfs/namesecondary/current/edits
2014-01-10 10:40:49,663 INFO org.apache.hadoop.hdfs.server.namenode.FSEditLog: EOF of /tmp/hadoop-root/dfs/namesecondary/current/edits, reached end of edit log Number of transactions found: 0.  Bytes read: 4
2014-01-10 10:40:49,663 INFO org.apache.hadoop.hdfs.server.namenode.FSEditLog: Edits file /tmp/hadoop-root/dfs/namesecondary/current/edits of size 4 edits # 0 loaded in 0 seconds.
2014-01-10 10:40:49,663 INFO org.apache.hadoop.hdfs.server.namenode.FSEditLog: Number of transactions: 0 Total time for transactions(ms): 0 Number of transactions batched in Syncs: 0 Number of syncs: 0 SyncTimes(ms): 0 
2014-01-10 10:40:49,669 INFO org.apache.hadoop.hdfs.server.namenode.FSEditLog: closing edit log: position=4, editlog=/tmp/hadoop-root/dfs/namesecondary/current/edits
2014-01-10 10:40:49,669 INFO org.apache.hadoop.hdfs.server.namenode.FSEditLog: close success: truncate to 4, editlog=/tmp/hadoop-root/dfs/namesecondary/current/edits
2014-01-10 10:40:49,670 INFO org.apache.hadoop.hdfs.server.common.Storage: Image file /tmp/hadoop-root/dfs/namesecondary/current/fsimage of size 110 bytes saved in 0 seconds.
2014-01-10 10:40:49,675 INFO org.apache.hadoop.hdfs.server.namenode.FSEditLog: closing edit log: position=4, editlog=/tmp/hadoop-root/dfs/namesecondary/current/edits
2014-01-10 10:40:49,675 INFO org.apache.hadoop.hdfs.server.namenode.FSEditLog: close success: truncate to 4, editlog=/tmp/hadoop-root/dfs/namesecondary/current/edits
2014-01-10 10:40:49,806 INFO org.apache.hadoop.hdfs.server.namenode.SecondaryNameNode: Posted URL 0.0.0.0:50070putimage=1&port=50090&machine=0.0.0.0&token=-41:1270190534:0:1389364881000:1389364849450&newChecksum=0e75e25da849dcba2361284fa8fb4ac1
2014-01-10 10:40:49,806 INFO org.apache.hadoop.hdfs.server.namenode.TransferFsImage: Opening connection to http://0.0.0.0:50070/getimage?putimage=1&port=50090&machine=0.0.0.0&token=-41:1270190534:0:1389364881000:1389364849450&newChecksum=0e75e25da849dcba2361284fa8fb4ac1
2014-01-10 10:40:49,970 INFO org.apache.hadoop.hdfs.server.namenode.SecondaryNameNode: Checkpoint done. New Image Size: 110
2014-01-10 11:40:50,015 INFO org.apache.hadoop.hdfs.server.namenode.FSEditLog: Number of transactions: 0 Total time for transactions(ms): 0 Number of transactions batched in Syncs: 0 Number of syncs: 0 SyncTimes(ms): 0 
2014-01-10 11:40:50,016 INFO org.apache.hadoop.hdfs.server.namenode.FSEditLog: closing edit log: position=4, editlog=/tmp/hadoop-root/dfs/namesecondary/current/edits
2014-01-10 11:40:50,017 INFO org.apache.hadoop.hdfs.server.namenode.FSEditLog: close success: truncate to 4, editlog=/tmp/hadoop-root/dfs/namesecondary/current/edits
2014-01-10 11:40:50,021 INFO org.apache.hadoop.hdfs.server.namenode.TransferFsImage: Opening connection to http://0.0.0.0:50070/getimage?getimage=1
2014-01-10 11:40:50,191 INFO org.apache.hadoop.hdfs.server.namenode.SecondaryNameNode: Downloaded file fsimage size 110 bytes.
2014-01-10 11:40:50,191 INFO org.apache.hadoop.hdfs.server.namenode.TransferFsImage: Opening connection to http://0.0.0.0:50070/getimage?getedit=1
2014-01-10 11:40:50,194 INFO org.apache.hadoop.hdfs.server.namenode.SecondaryNameNode: Downloaded file edits size 4 bytes.
2014-01-10 11:40:50,194 INFO org.apache.hadoop.hdfs.util.GSet: Computing capacity for map BlocksMap
2014-01-10 11:40:50,194 INFO org.apache.hadoop.hdfs.util.GSet: VM type       = 64-bit
2014-01-10 11:40:50,194 INFO org.apache.hadoop.hdfs.util.GSet: 2.0% max memory = 932118528
2014-01-10 11:40:50,194 INFO org.apache.hadoop.hdfs.util.GSet: capacity      = 2^21 = 2097152 entries
2014-01-10 11:40:50,194 INFO org.apache.hadoop.hdfs.util.GSet: recommended=2097152, actual=2097152
2014-01-10 11:40:50,214 INFO org.apache.hadoop.hdfs.server.namenode.FSNamesystem: fsOwner=root
2014-01-10 11:40:50,214 INFO org.apache.hadoop.hdfs.server.namenode.FSNamesystem: supergroup=supergroup
2014-01-10 11:40:50,214 INFO org.apache.hadoop.hdfs.server.namenode.FSNamesystem: isPermissionEnabled=true
2014-01-10 11:40:50,215 INFO org.apache.hadoop.hdfs.server.namenode.FSNamesystem: dfs.block.invalidate.limit=100
2014-01-10 11:40:50,215 INFO org.apache.hadoop.hdfs.server.namenode.FSNamesystem: isAccessTokenEnabled=false accessKeyUpdateInterval=0 min(s), accessTokenLifetime=0 min(s)
2014-01-10 11:40:50,215 INFO org.apache.hadoop.hdfs.server.namenode.FSEditLog: dfs.namenode.edits.toleration.length = -1
2014-01-10 11:40:50,215 INFO org.apache.hadoop.hdfs.server.namenode.NameNode: Caching file names occuring more than 10 times 
2014-01-10 11:40:50,218 INFO org.apache.hadoop.hdfs.server.common.Storage: Number of files = 1
2014-01-10 11:40:50,218 INFO org.apache.hadoop.hdfs.server.common.Storage: Number of files under construction = 0
2014-01-10 11:40:50,218 INFO org.apache.hadoop.hdfs.server.namenode.FSEditLog: Start loading edits file /tmp/hadoop-root/dfs/namesecondary/current/edits
2014-01-10 11:40:50,218 INFO org.apache.hadoop.hdfs.server.namenode.FSEditLog: EOF of /tmp/hadoop-root/dfs/namesecondary/current/edits, reached end of edit log Number of transactions found: 0.  Bytes read: 4
2014-01-10 11:40:50,218 INFO org.apache.hadoop.hdfs.server.namenode.FSEditLog: Edits file /tmp/hadoop-root/dfs/namesecondary/current/edits of size 4 edits # 0 loaded in 0 seconds.
2014-01-10 11:40:50,219 INFO org.apache.hadoop.hdfs.server.namenode.FSEditLog: Number of transactions: 0 Total time for transactions(ms): 0 Number of transactions batched in Syncs: 0 Number of syncs: 0 SyncTimes(ms): 0 
2014-01-10 11:40:50,226 INFO org.apache.hadoop.hdfs.server.namenode.FSEditLog: closing edit log: position=4, editlog=/tmp/hadoop-root/dfs/namesecondary/current/edits
2014-01-10 11:40:50,226 INFO org.apache.hadoop.hdfs.server.namenode.FSEditLog: close success: truncate to 4, editlog=/tmp/hadoop-root/dfs/namesecondary/current/edits
2014-01-10 11:40:50,227 INFO org.apache.hadoop.hdfs.server.common.Storage: Image file /tmp/hadoop-root/dfs/namesecondary/current/fsimage of size 110 bytes saved in 0 seconds.
2014-01-10 11:40:50,249 INFO org.apache.hadoop.hdfs.server.namenode.FSEditLog: closing edit log: position=4, editlog=/tmp/hadoop-root/dfs/namesecondary/current/edits
2014-01-10 11:40:50,250 INFO org.apache.hadoop.hdfs.server.namenode.FSEditLog: close success: truncate to 4, editlog=/tmp/hadoop-root/dfs/namesecondary/current/edits
2014-01-10 11:40:50,272 INFO org.apache.hadoop.hdfs.server.namenode.SecondaryNameNode: Posted URL 0.0.0.0:50070putimage=1&port=50090&machine=0.0.0.0&token=-41:1270190534:0:1389368482000:1389368449842&newChecksum=0e75e25da849dcba2361284fa8fb4ac1
2014-01-10 11:40:50,272 INFO org.apache.hadoop.hdfs.server.namenode.TransferFsImage: Opening connection to http://0.0.0.0:50070/getimage?putimage=1&port=50090&machine=0.0.0.0&token=-41:1270190534:0:1389368482000:1389368449842&newChecksum=0e75e25da849dcba2361284fa8fb4ac1
2014-01-10 11:40:50,335 INFO org.apache.hadoop.hdfs.server.namenode.SecondaryNameNode: Checkpoint done. New Image Size: 110
2014-01-10 12:40:50,378 INFO org.apache.hadoop.hdfs.server.namenode.FSEditLog: Number of transactions: 0 Total time for transactions(ms): 0 Number of transactions batched in Syncs: 0 Number of syncs: 0 SyncTimes(ms): 0 
2014-01-10 12:40:50,379 INFO org.apache.hadoop.hdfs.server.namenode.FSEditLog: closing edit log: position=4, editlog=/tmp/hadoop-root/dfs/namesecondary/current/edits
2014-01-10 12:40:50,380 INFO org.apache.hadoop.hdfs.server.namenode.FSEditLog: close success: truncate to 4, editlog=/tmp/hadoop-root/dfs/namesecondary/current/edits
2014-01-10 12:40:50,382 INFO org.apache.hadoop.hdfs.server.namenode.TransferFsImage: Opening connection to http://0.0.0.0:50070/getimage?getimage=1
2014-01-10 12:40:50,445 INFO org.apache.hadoop.hdfs.server.namenode.SecondaryNameNode: Downloaded file fsimage size 110 bytes.
2014-01-10 12:40:50,445 INFO org.apache.hadoop.hdfs.server.namenode.TransferFsImage: Opening connection to http://0.0.0.0:50070/getimage?getedit=1
2014-01-10 12:40:50,448 INFO org.apache.hadoop.hdfs.server.namenode.SecondaryNameNode: Downloaded file edits size 4 bytes.
2014-01-10 12:40:50,448 INFO org.apache.hadoop.hdfs.util.GSet: Computing capacity for map BlocksMap
2014-01-10 12:40:50,449 INFO org.apache.hadoop.hdfs.util.GSet: VM type       = 64-bit
2014-01-10 12:40:50,449 INFO org.apache.hadoop.hdfs.util.GSet: 2.0% max memory = 932118528
2014-01-10 12:40:50,449 INFO org.apache.hadoop.hdfs.util.GSet: capacity      = 2^21 = 2097152 entries
2014-01-10 12:40:50,449 INFO org.apache.hadoop.hdfs.util.GSet: recommended=2097152, actual=2097152
2014-01-10 12:40:50,503 INFO org.apache.hadoop.hdfs.server.namenode.FSNamesystem: fsOwner=root
2014-01-10 12:40:50,503 INFO org.apache.hadoop.hdfs.server.namenode.FSNamesystem: supergroup=supergroup
2014-01-10 12:40:50,503 INFO org.apache.hadoop.hdfs.server.namenode.FSNamesystem: isPermissionEnabled=true
2014-01-10 12:40:50,503 INFO org.apache.hadoop.hdfs.server.namenode.FSNamesystem: dfs.block.invalidate.limit=100
2014-01-10 12:40:50,503 INFO org.apache.hadoop.hdfs.server.namenode.FSNamesystem: isAccessTokenEnabled=false accessKeyUpdateInterval=0 min(s), accessTokenLifetime=0 min(s)
2014-01-10 12:40:50,503 INFO org.apache.hadoop.hdfs.server.namenode.FSEditLog: dfs.namenode.edits.toleration.length = -1
2014-01-10 12:40:50,503 INFO org.apache.hadoop.hdfs.server.namenode.NameNode: Caching file names occuring more than 10 times 
2014-01-10 12:40:50,505 INFO org.apache.hadoop.hdfs.server.common.Storage: Number of files = 1
2014-01-10 12:40:50,505 INFO org.apache.hadoop.hdfs.server.common.Storage: Number of files under construction = 0
2014-01-10 12:40:50,505 INFO org.apache.hadoop.hdfs.server.namenode.FSEditLog: Start loading edits file /tmp/hadoop-root/dfs/namesecondary/current/edits
2014-01-10 12:40:50,506 INFO org.apache.hadoop.hdfs.server.namenode.FSEditLog: EOF of /tmp/hadoop-root/dfs/namesecondary/current/edits, reached end of edit log Number of transactions found: 0.  Bytes read: 4
2014-01-10 12:40:50,506 INFO org.apache.hadoop.hdfs.server.namenode.FSEditLog: Edits file /tmp/hadoop-root/dfs/namesecondary/current/edits of size 4 edits # 0 loaded in 0 seconds.
2014-01-10 12:40:50,506 INFO org.apache.hadoop.hdfs.server.namenode.FSEditLog: Number of transactions: 0 Total time for transactions(ms): 0 Number of transactions batched in Syncs: 0 Number of syncs: 0 SyncTimes(ms): 0 
2014-01-10 12:40:50,508 INFO org.apache.hadoop.hdfs.server.namenode.FSEditLog: closing edit log: position=4, editlog=/tmp/hadoop-root/dfs/namesecondary/current/edits
2014-01-10 12:40:50,508 INFO org.apache.hadoop.hdfs.server.namenode.FSEditLog: close success: truncate to 4, editlog=/tmp/hadoop-root/dfs/namesecondary/current/edits
2014-01-10 12:40:50,509 INFO org.apache.hadoop.hdfs.server.common.Storage: Image file /tmp/hadoop-root/dfs/namesecondary/current/fsimage of size 110 bytes saved in 0 seconds.
2014-01-10 12:40:50,522 INFO org.apache.hadoop.hdfs.server.namenode.FSEditLog: closing edit log: position=4, editlog=/tmp/hadoop-root/dfs/namesecondary/current/edits
2014-01-10 12:40:50,522 INFO org.apache.hadoop.hdfs.server.namenode.FSEditLog: close success: truncate to 4, editlog=/tmp/hadoop-root/dfs/namesecondary/current/edits
2014-01-10 12:40:50,536 INFO org.apache.hadoop.hdfs.server.namenode.SecondaryNameNode: Posted URL 0.0.0.0:50070putimage=1&port=50090&machine=0.0.0.0&token=-41:1270190534:0:1389372083000:1389372050316&newChecksum=0e75e25da849dcba2361284fa8fb4ac1
2014-01-10 12:40:50,536 INFO org.apache.hadoop.hdfs.server.namenode.TransferFsImage: Opening connection to http://0.0.0.0:50070/getimage?putimage=1&port=50090&machine=0.0.0.0&token=-41:1270190534:0:1389372083000:1389372050316&newChecksum=0e75e25da849dcba2361284fa8fb4ac1
2014-01-10 12:40:50,583 INFO org.apache.hadoop.hdfs.server.namenode.SecondaryNameNode: Checkpoint done. New Image Size: 110
