Buildfile: /iaas/deep/hadoop-1.2.1/build.xml

clover.setup:

clover.info:
     [echo] 
     [echo]      Clover not found. Code coverage reports disabled.
     [echo]   

clover:

ivy-download:
      [get] Getting: http://repo2.maven.org/maven2/org/apache/ivy/ivy/2.1.0/ivy-2.1.0.jar
      [get] To: /iaas/deep/hadoop-1.2.1/ivy/ivy-2.1.0.jar
      [get] Not modified - so not downloaded

ivy-init-dirs:

ivy-probe-antlib:

ivy-init-antlib:

ivy-init:
[ivy:configure] :: Ivy 2.1.0 - 20090925235825 :: http://ant.apache.org/ivy/ ::
[ivy:configure] :: loading settings :: file = /iaas/deep/hadoop-1.2.1/ivy/ivysettings.xml

ivy-resolve-common:

ivy-retrieve-common:
[ivy:cachepath] DEPRECATED: 'ivy.conf.file' is deprecated, use 'ivy.settings.file' instead
[ivy:cachepath] :: loading settings :: file = /iaas/deep/hadoop-1.2.1/ivy/ivysettings.xml

init:
    [touch] Creating /tmp/null2007113554
   [delete] Deleting: /tmp/null2007113554
     [exec] svn: '.' is not a working copy
     [exec] svn: '.' is not a working copy

record-parser:

compile-rcc-compiler:
    [javac] /iaas/deep/hadoop-1.2.1/build.xml:472: warning: 'includeantruntime' was not set, defaulting to build.sysclasspath=last; set to false for repeatable builds

compile-core-classes:
    [javac] /iaas/deep/hadoop-1.2.1/build.xml:496: warning: 'includeantruntime' was not set, defaulting to build.sysclasspath=last; set to false for repeatable builds

compile-hdfs-classes:
    [javac] /iaas/deep/hadoop-1.2.1/build.xml:592: warning: 'includeantruntime' was not set, defaulting to build.sysclasspath=last; set to false for repeatable builds
    [javac] Compiling 2 source files to /iaas/deep/hadoop-1.2.1/build/classes
    [javac] warning: [options] bootstrap class path not set in conjunction with -source 1.6
    [javac] 1 warning

compile-mapred-classes:
Trying to override old definition of task jsp-compile
    [javac] /iaas/deep/hadoop-1.2.1/build.xml:549: warning: 'includeantruntime' was not set, defaulting to build.sysclasspath=last; set to false for repeatable builds

create-native-configure:
     [exec] configure.ac:42: warning: AC_COMPILE_IFELSE was called before AC_USE_SYSTEM_EXTENSIONS
     [exec] ../../lib/autoconf/specific.m4:310: AC_GNU_SOURCE is expanded from...
     [exec] configure.ac:42: the top level
     [exec] configure.ac:42: warning: AC_COMPILE_IFELSE was called before AC_USE_SYSTEM_EXTENSIONS
     [exec] ../../lib/autoconf/specific.m4:310: AC_GNU_SOURCE is expanded from...
     [exec] configure.ac:42: the top level
     [exec] libtoolize: putting auxiliary files in AC_CONFIG_AUX_DIR, `config'.
     [exec] libtoolize: copying file `config/ltmain.sh'
     [exec] libtoolize: Consider adding `AC_CONFIG_MACRO_DIR([m4])' to configure.ac and
     [exec] libtoolize: rerunning libtoolize, to keep the correct libtool macros in-tree.
     [exec] libtoolize: Consider adding `-I m4' to ACLOCAL_AMFLAGS in Makefile.am.
     [exec] configure.ac:42: warning: AC_COMPILE_IFELSE was called before AC_USE_SYSTEM_EXTENSIONS
     [exec] ../../lib/autoconf/specific.m4:310: AC_GNU_SOURCE is expanded from...
     [exec] configure.ac:42: the top level
     [exec] configure.ac:42: warning: AC_COMPILE_IFELSE was called before AC_USE_SYSTEM_EXTENSIONS
     [exec] ../../lib/autoconf/specific.m4:310: AC_GNU_SOURCE is expanded from...
     [exec] configure.ac:42: the top level
     [exec] configure.ac:42: warning: AC_COMPILE_IFELSE was called before AC_USE_SYSTEM_EXTENSIONS
     [exec] ../../lib/autoconf/specific.m4:310: AC_GNU_SOURCE is expanded from...
     [exec] configure.ac:42: the top level
     [exec] configure.ac:42: warning: AC_COMPILE_IFELSE was called before AC_USE_SYSTEM_EXTENSIONS
     [exec] ../../lib/autoconf/specific.m4:310: AC_GNU_SOURCE is expanded from...
     [exec] configure.ac:42: the top level
     [exec] Makefile.am:32: shell echo $$OS_NAME | tr [A-Z] [a-z]: non-POSIX variable name
     [exec] Makefile.am:32: (probably a GNU make extension)

compile-core-native:

create-c++-configure:

check-c++-makefiles:

create-c++-pipes-makefile:

create-c++-utils-makefile:

compile-c++-utils:

compile-c++-pipes:

compile-c++:

compile-core:

jar:
      [tar] Nothing to do: /iaas/deep/hadoop-1.2.1/build/classes/bin.tgz is up to date.
      [jar] Building jar: /iaas/deep/hadoop-1.2.1/build/hadoop-core-1.2.2-SNAPSHOT.jar

compile-tools:
    [javac] /iaas/deep/hadoop-1.2.1/build.xml:613: warning: 'includeantruntime' was not set, defaulting to build.sysclasspath=last; set to false for repeatable builds

tools-jar:

check-c++-libhdfs:

check-c++-makefile-libhdfs:

create-c++-libhdfs-makefile:

compile-c++-libhdfs:

compile-contrib:

compile:

check-contrib:

init:
     [echo] contrib: capacity-scheduler

init-contrib:

ivy-download:
      [get] Getting: http://repo2.maven.org/maven2/org/apache/ivy/ivy/2.1.0/ivy-2.1.0.jar
      [get] To: /iaas/deep/hadoop-1.2.1/ivy/ivy-2.1.0.jar
      [get] Not modified - so not downloaded

ivy-probe-antlib:

ivy-init-antlib:

ivy-init:
[ivy:configure] :: loading settings :: file = /iaas/deep/hadoop-1.2.1/ivy/ivysettings.xml

ivy-resolve-common:

ivy-retrieve-common:
[ivy:cachepath] DEPRECATED: 'ivy.conf.file' is deprecated, use 'ivy.settings.file' instead
[ivy:cachepath] :: loading settings :: file = /iaas/deep/hadoop-1.2.1/ivy/ivysettings.xml

compile:
     [echo] contrib: capacity-scheduler
    [javac] /iaas/deep/hadoop-1.2.1/src/contrib/build-contrib.xml:190: warning: 'includeantruntime' was not set, defaulting to build.sysclasspath=last; set to false for repeatable builds

check-contrib:

init:
     [echo] contrib: datajoin

init-contrib:

ivy-download:
      [get] Getting: http://repo2.maven.org/maven2/org/apache/ivy/ivy/2.1.0/ivy-2.1.0.jar
      [get] To: /iaas/deep/hadoop-1.2.1/ivy/ivy-2.1.0.jar
      [get] Not modified - so not downloaded

ivy-probe-antlib:

ivy-init-antlib:

ivy-init:
[ivy:configure] :: loading settings :: file = /iaas/deep/hadoop-1.2.1/ivy/ivysettings.xml

ivy-resolve-common:

ivy-retrieve-common:
[ivy:cachepath] DEPRECATED: 'ivy.conf.file' is deprecated, use 'ivy.settings.file' instead
[ivy:cachepath] :: loading settings :: file = /iaas/deep/hadoop-1.2.1/ivy/ivysettings.xml

compile:
     [echo] contrib: datajoin
    [javac] /iaas/deep/hadoop-1.2.1/src/contrib/build-contrib.xml:190: warning: 'includeantruntime' was not set, defaulting to build.sysclasspath=last; set to false for repeatable builds

check-contrib:
     [echo] eclipse.home unset: skipping eclipse plugin

init:

ivy-download:
      [get] Getting: http://repo2.maven.org/maven2/org/apache/ivy/ivy/2.1.0/ivy-2.1.0.jar
      [get] To: /iaas/deep/hadoop-1.2.1/ivy/ivy-2.1.0.jar
      [get] Not modified - so not downloaded

ivy-probe-antlib:

ivy-init-antlib:

ivy-init:
[ivy:configure] :: loading settings :: file = /iaas/deep/hadoop-1.2.1/ivy/ivysettings.xml

ivy-resolve-common:

ivy-retrieve-common:
[ivy:cachepath] DEPRECATED: 'ivy.conf.file' is deprecated, use 'ivy.settings.file' instead
[ivy:cachepath] :: loading settings :: file = /iaas/deep/hadoop-1.2.1/ivy/ivysettings.xml

compile:

check-contrib:

init:
     [echo] contrib: failmon

init-contrib:

ivy-download:
      [get] Getting: http://repo2.maven.org/maven2/org/apache/ivy/ivy/2.1.0/ivy-2.1.0.jar
      [get] To: /iaas/deep/hadoop-1.2.1/ivy/ivy-2.1.0.jar
      [get] Not modified - so not downloaded

ivy-probe-antlib:

ivy-init-antlib:

ivy-init:
[ivy:configure] :: loading settings :: file = /iaas/deep/hadoop-1.2.1/ivy/ivysettings.xml

ivy-resolve-common:

ivy-retrieve-common:
[ivy:cachepath] DEPRECATED: 'ivy.conf.file' is deprecated, use 'ivy.settings.file' instead
[ivy:cachepath] :: loading settings :: file = /iaas/deep/hadoop-1.2.1/ivy/ivysettings.xml

compile:
     [echo] contrib: failmon
    [javac] /iaas/deep/hadoop-1.2.1/src/contrib/build-contrib.xml:190: warning: 'includeantruntime' was not set, defaulting to build.sysclasspath=last; set to false for repeatable builds

check-contrib:

init:
     [echo] contrib: fairscheduler

init-contrib:

ivy-download:
      [get] Getting: http://repo2.maven.org/maven2/org/apache/ivy/ivy/2.1.0/ivy-2.1.0.jar
      [get] To: /iaas/deep/hadoop-1.2.1/ivy/ivy-2.1.0.jar
      [get] Not modified - so not downloaded

ivy-probe-antlib:

ivy-init-antlib:

ivy-init:
[ivy:configure] :: loading settings :: file = /iaas/deep/hadoop-1.2.1/ivy/ivysettings.xml

ivy-resolve-common:

ivy-retrieve-common:
[ivy:cachepath] DEPRECATED: 'ivy.conf.file' is deprecated, use 'ivy.settings.file' instead
[ivy:cachepath] :: loading settings :: file = /iaas/deep/hadoop-1.2.1/ivy/ivysettings.xml

compile:
     [echo] contrib: fairscheduler
    [javac] /iaas/deep/hadoop-1.2.1/src/contrib/build-contrib.xml:190: warning: 'includeantruntime' was not set, defaulting to build.sysclasspath=last; set to false for repeatable builds

check-libhdfs-fuse:

check-libhdfs-exists:

compile:

check-contrib:

init:
     [echo] contrib: gridmix

init-contrib:

ivy-download:
      [get] Getting: http://repo2.maven.org/maven2/org/apache/ivy/ivy/2.1.0/ivy-2.1.0.jar
      [get] To: /iaas/deep/hadoop-1.2.1/ivy/ivy-2.1.0.jar
      [get] Not modified - so not downloaded

ivy-probe-antlib:

ivy-init-antlib:

ivy-init:
[ivy:configure] :: loading settings :: file = /iaas/deep/hadoop-1.2.1/ivy/ivysettings.xml

ivy-resolve-common:

ivy-retrieve-common:
[ivy:cachepath] DEPRECATED: 'ivy.conf.file' is deprecated, use 'ivy.settings.file' instead
[ivy:cachepath] :: loading settings :: file = /iaas/deep/hadoop-1.2.1/ivy/ivysettings.xml

compile:
     [echo] contrib: gridmix
    [javac] /iaas/deep/hadoop-1.2.1/src/contrib/build-contrib.xml:190: warning: 'includeantruntime' was not set, defaulting to build.sysclasspath=last; set to false for repeatable builds
Trying to override old definition of task macro_tar

check-contrib:

init:
     [echo] contrib: hdfsproxy

init-contrib:

ivy-download:
      [get] Getting: http://repo2.maven.org/maven2/org/apache/ivy/ivy/2.1.0/ivy-2.1.0.jar
      [get] To: /iaas/deep/hadoop-1.2.1/ivy/ivy-2.1.0.jar
      [get] Not modified - so not downloaded

ivy-probe-antlib:

ivy-init-antlib:

ivy-init:

ivy-resolve-common:
[ivy:resolve] :: loading settings :: file = /iaas/deep/hadoop-1.2.1/ivy/ivysettings.xml

ivy-retrieve-common:
[ivy:cachepath] :: loading settings :: file = /iaas/deep/hadoop-1.2.1/ivy/ivysettings.xml

compile:
     [echo] contrib: hdfsproxy
    [javac] /iaas/deep/hadoop-1.2.1/src/contrib/build-contrib.xml:190: warning: 'includeantruntime' was not set, defaulting to build.sysclasspath=last; set to false for repeatable builds

compile:

check-contrib:

init:
     [echo] contrib: index

init-contrib:

ivy-download:
      [get] Getting: http://repo2.maven.org/maven2/org/apache/ivy/ivy/2.1.0/ivy-2.1.0.jar
      [get] To: /iaas/deep/hadoop-1.2.1/ivy/ivy-2.1.0.jar
      [get] Not modified - so not downloaded

ivy-probe-antlib:

ivy-init-antlib:

ivy-init:
[ivy:configure] :: loading settings :: file = /iaas/deep/hadoop-1.2.1/ivy/ivysettings.xml

ivy-resolve-common:

ivy-retrieve-common:
[ivy:cachepath] DEPRECATED: 'ivy.conf.file' is deprecated, use 'ivy.settings.file' instead
[ivy:cachepath] :: loading settings :: file = /iaas/deep/hadoop-1.2.1/ivy/ivysettings.xml

compile:
     [echo] contrib: index
    [javac] /iaas/deep/hadoop-1.2.1/src/contrib/build-contrib.xml:190: warning: 'includeantruntime' was not set, defaulting to build.sysclasspath=last; set to false for repeatable builds

check-contrib:

init:
     [echo] contrib: streaming

init-contrib:

ivy-download:
      [get] Getting: http://repo2.maven.org/maven2/org/apache/ivy/ivy/2.1.0/ivy-2.1.0.jar
      [get] To: /iaas/deep/hadoop-1.2.1/ivy/ivy-2.1.0.jar
      [get] Not modified - so not downloaded

ivy-probe-antlib:

ivy-init-antlib:

ivy-init:
[ivy:configure] :: loading settings :: file = /iaas/deep/hadoop-1.2.1/ivy/ivysettings.xml

ivy-resolve-common:

ivy-retrieve-common:
[ivy:cachepath] DEPRECATED: 'ivy.conf.file' is deprecated, use 'ivy.settings.file' instead
[ivy:cachepath] :: loading settings :: file = /iaas/deep/hadoop-1.2.1/ivy/ivysettings.xml

compile:
     [echo] contrib: streaming
    [javac] /iaas/deep/hadoop-1.2.1/src/contrib/build-contrib.xml:190: warning: 'includeantruntime' was not set, defaulting to build.sysclasspath=last; set to false for repeatable builds

check-contrib:

init:
     [echo] contrib: thriftfs

init-contrib:

ivy-download:
      [get] Getting: http://repo2.maven.org/maven2/org/apache/ivy/ivy/2.1.0/ivy-2.1.0.jar
      [get] To: /iaas/deep/hadoop-1.2.1/ivy/ivy-2.1.0.jar
      [get] Not modified - so not downloaded

ivy-probe-antlib:

ivy-init-antlib:

ivy-init:
[ivy:configure] :: loading settings :: file = /iaas/deep/hadoop-1.2.1/ivy/ivysettings.xml

ivy-resolve-common:

ivy-retrieve-common:
[ivy:cachepath] DEPRECATED: 'ivy.conf.file' is deprecated, use 'ivy.settings.file' instead
[ivy:cachepath] :: loading settings :: file = /iaas/deep/hadoop-1.2.1/ivy/ivysettings.xml

compile:
     [echo] contrib: thriftfs
    [javac] /iaas/deep/hadoop-1.2.1/src/contrib/build-contrib.xml:190: warning: 'includeantruntime' was not set, defaulting to build.sysclasspath=last; set to false for repeatable builds

init:

ivy-download:
      [get] Getting: http://repo2.maven.org/maven2/org/apache/ivy/ivy/2.1.0/ivy-2.1.0.jar
      [get] To: /iaas/deep/hadoop-1.2.1/ivy/ivy-2.1.0.jar
      [get] Not modified - so not downloaded

ivy-probe-antlib:

ivy-init-antlib:

ivy-init:
[ivy:configure] :: loading settings :: file = /iaas/deep/hadoop-1.2.1/ivy/ivysettings.xml

ivy-resolve-common:

ivy-retrieve-common:
[ivy:cachepath] DEPRECATED: 'ivy.conf.file' is deprecated, use 'ivy.settings.file' instead
[ivy:cachepath] :: loading settings :: file = /iaas/deep/hadoop-1.2.1/ivy/ivysettings.xml

compile:
     [echo] contrib: vaidya
    [javac] /iaas/deep/hadoop-1.2.1/src/contrib/build-contrib.xml:190: warning: 'includeantruntime' was not set, defaulting to build.sysclasspath=last; set to false for repeatable builds

compile-ant-tasks:
    [javac] /iaas/deep/hadoop-1.2.1/build.xml:2228: warning: 'includeantruntime' was not set, defaulting to build.sysclasspath=last; set to false for repeatable builds

compile:

BUILD SUCCESSFUL
Total time: 28 seconds
